#include "stdio.h"
#include "time.h"
long gcd ( long var1 , long var2 ) { int var83 = var1 == 0 ; 
 if ( var83 ) { long var41 = var2 ; 
 return var41 ; 
 } else { } long var42 = gcd ( var2 % var1 , var1 ) ; 
 ; 
 return var42 ; 
 } int isrelprime ( long var4 , long var5 ) { int var43 = gcd ( var4 , var5 ) ; 
 == 1 ; 
 return var43 ; 
 } long slowPhi ( long var7 , long * var8 , long var9 ) { long var10 = 0 ; 
 { long var11 = 1 ; 
 label_0: 
 int var84 = var11 < var7 ; 
 if ( var84 ) { int var85 = isrelprime ( var11 , var7 ) ; 
 ; 
 if ( var85 ) { var10 ; 
 var10 = var10 + 1 ; 
 } else { } var11 ; 
 var11 = var11 + 1 ; 
 goto label_0 ; 
 } else { } label_1: 
 } long var44 = var10 ; 
 return var44 ; 
 } long fastPhi ( long var13 , long * var14 , long var15 ) { long var16 = 1 ; 
 long var17 = 1 ; 
 long var18 = 1 ; 
 { long var19 = 0 ; 
 label_2: 
 int var86 = var19 < var15 ; 
 if ( var86 ) {  var89 = var14 [ 0 ] ; 
  var117 = var89 == var17 ; 
  var123 = 0 ; 
 if ( var117 ) { var123 = 1 ; 
 } else { }  var118 = var123 ; 
  var119 =  var90 = var118 ; 
  var120 = var17 == 1 ; 
  var124 = 0 ; 
 if ( var120 ) { var124 = 1 ; 
 } else { }  var121 = var124 ; 
  var122 =  var91 = var121 ; 
  var116 = 0 ; 
 if ( var90 ) { if ( var91 ) { var116 = 1 ; 
 } else { } } else { }  var92 = var116 ; 
  var93 = int var87 = var92 ; 
 if ( var87 ) { printf ( "Slowphi (%ld) \n" , var18 ) ; 
 ; 
 var16 = var16 * ( slowPhi ( var18 , var21 , 0 ) ; 
 ) ; 
 printf ( "result = %ld\n" , var16 ) ; 
 ; 
 var18 = var14 [ 0 ] var19 ) ; 
 } else {  var94 = var14 [ 0 ] ; 
  var95 = var18 * var94 ; 
  var96 = var18 = var95 ; 
 } var17 = var14 [ 0 ] var19 ) ; 
 var19 ; 
 var19 = var19 + 1 ; 
 goto label_2 ; 
 } else { } label_3: 
 } printf ( "%ld\n" , var18 ) ; 
 ; 
 var16 = var16 * ( slowPhi ( var18 , var23 , 0 ) ; 
 ) ; 
 printf ( "%ld: %ld\n" , var13 , var16 ) ; 
 ; 
 long var45 = var16 ; 
 return var45 ; 
 } int main ( int var25 , char * * var26 ) { long var27 [ 0 ] ) = {         ; 
 long var28 = 9 ; 
 long var29 = 1 ; 
 { long var30 = 0 ; 
 label_4: 
 int var88 = var30 < var28 ; 
 if ( var88 ) {  var105 = var27 [ 0 ] ; 
  var106 = var29 * var105 ; 
  var107 = var29 = var106 ; 
 var30 ; 
 var30 = var30 + 1 ; 
 goto label_4 ; 
 } else { } label_5: 
 } var31 ; 
 long var34 = fastPhi ( var29 , var27 , var28 ) ; 
 ; 
 var31 ; 
 var31 ; 
 long var37 = slowPhi ( var29 , var27 , var28 ) ; 
 ; 
 var31 ; 
 printf ( "slow %ld: %ld\n" , var29 , var37 ) ; 
 ; 
  var108 = clock ( ) - clock ( ) ; 
  var109 = ( double ) var108 ; 
  var110 = var109 / var40 ; 
  var111 = printf ( "Time spent: %lf\n" , var110 ) ; 
 ; 
 printf ( "fast %ld: %ld\n" , var29 , var34 ) ; 
 ; 
  var112 = clock ( ) - clock ( ) ; 
  var113 = ( double ) var112 ; 
  var114 = var113 / var40 ; 
  var115 = printf ( "Time spent: %lf\n" , var114 ) ; 
 ; 
 }